  % Total    % Received % Xferd  Average Speed   Time    Time     Time  Current
                                 Dload  Upload   Total   Spent    Left  Speed
  0     0    0     0    0     0      0      0 --:--:-- --:--:-- --:--:--     0* Host ec2-3-21-247-77.us-east-2.compute.amazonaws.com:80 was resolved.
* IPv6: (none)
* IPv4: 3.21.247.77
*   Trying 3.21.247.77:80...
* Connected to ec2-3-21-247-77.us-east-2.compute.amazonaws.com (3.21.247.77) port 80
> GET /static/js/bundle.js HTTP/1.1
> Host: ec2-3-21-247-77.us-east-2.compute.amazonaws.com
> User-Agent: curl/8.7.1
> Accept: */*
> Cookie: login=eyJ1c2VybmFtZSI6ImF3ZGVvcmlvIn0.Z7KsTQ.e6siTEC-x2FotVNwoyQslkQGuyY
> 
* Request completely sent off
< HTTP/1.1 200 OK
< Server: nginx/1.24.0 (Ubuntu)
< Date: Mon, 17 Feb 2025 03:27:24 GMT
< Content-Type: text/javascript; charset=utf-8
< Content-Length: 671066
< Connection: keep-alive
< Content-Disposition: inline; filename=bundle.js
< Last-Modified: Mon, 17 Feb 2025 03:24:27 GMT
< Cache-Control: no-cache
< ETag: "1739762667.2398748-671066-3792376401"
< 
{ [2549 bytes data]
 15  655k   15  104k    0     0   601k      0  0:00:01 --:--:--  0:00:01  599k100  655k  100  655k    0     0  2718k      0 --:--:-- --:--:-- --:--:-- 2708k
* Connection #0 to host ec2-3-21-247-77.us-east-2.compute.amazonaws.com left intact
