  % Total    % Received % Xferd  Average Speed   Time    Time     Time  Current
                                 Dload  Upload   Total   Spent    Left  Speed
  0     0    0     0    0     0      0      0 --:--:-- --:--:-- --:--:--     0* Host ec2-3-21-247-77.us-east-2.compute.amazonaws.com:80 was resolved.
* IPv6: (none)
* IPv4: 3.21.247.77
*   Trying 3.21.247.77:80...
* Connected to ec2-3-21-247-77.us-east-2.compute.amazonaws.com (3.21.247.77) port 80
> GET / HTTP/1.1
> Host: ec2-3-21-247-77.us-east-2.compute.amazonaws.com
> User-Agent: curl/8.7.1
> Accept: */*
> Cookie: login=eyJ1c2VybmFtZSI6ImF3ZGVvcmlvIn0.Z7KkiQ.VhgD-IzhEDFJyuAKMU39lrEEAGE
> 
* Request completely sent off
< HTTP/1.1 200 OK
< Server: nginx/1.24.0 (Ubuntu)
< Date: Mon, 17 Feb 2025 02:53:24 GMT
< Content-Type: text/html; charset=utf-8
< Content-Length: 256
< Connection: keep-alive
< Vary: Cookie
< 
{ [256 bytes data]
100   256  100   256    0     0   3318      0 --:--:-- --:--:-- --:--:--  3324
* Connection #0 to host ec2-3-21-247-77.us-east-2.compute.amazonaws.com left intact
